05/Nov/2023 22:48:18  *** Warning ***
                      
                      It is recommended to use a linear equation system solver accuracy (currently
                      set to 0.001) which is two orders of magnitude lower (for instance 0.0001) than
                      the desired broadband sweep error threshold value (0.01).  More...
                      
                      ------------------------------------------------------------------------------
05/Nov/2023 22:48:18  Units settings: 
                      
                        Dimensions: mm
                        Frequency:  GHz
                        Time:       ns
                      
                      ------------------------------------------------------------------------------
05/Nov/2023 22:48:18  Boundary conditions: 
                      
                        YZsymmetry: magnetic
                        XZsymmetry: electric
                        XYsymmetry: none
                      
                        Xmin: open
                        Xmax: open
                      
                        Ymin: open
                        Ymax: open
                      
                        Zmin: expanded open
                        Zmax: open
                      
                      ------------------------------------------------------------------------------
05/Nov/2023 22:48:18  Order settings: 
                      
                        Solver order   : 2nd (constant)
                        Curved elements: up to order 3 (automatic)
                      
                      ------------------------------------------------------------------------------
05/Nov/2023 22:48:19    Mesh time                :	0 s
                      
                      
                      ------------------------------------------------------------------------------
05/Nov/2023 22:48:19  
                      ================================================================================
                      Frequency Domain Solver calculation cycle started
                      
                      ------------------------------------------------------------------------------
05/Nov/2023 22:48:19  Solver started at: 10:48 PM Sunday, 05. November 2023 (Argentina Standard Time)
                      
                        Module:  Frequency Domain: S-Parameter (Win 64)
                        Version: 2021.1 Release from 2020-11-10 (change 826605)
                      
                      ------------------------------------------------------------------------------
05/Nov/2023 22:48:19    Calculation 1 of 1 (Frequency: 15 GHz)
                      
                      
                      ------------------------------------------------------------------------------
05/Nov/2023 22:48:19  Automatically activated electric shielding for port 1.
                      
                      ------------------------------------------------------------------------------
05/Nov/2023 22:48:20  For some elements the curvature had to be reduced to maintain the quality of the mesh. More...
                      
                      ------------------------------------------------------------------------------
05/Nov/2023 22:48:22  For some elements the curvature had to be reduced to maintain the quality of the mesh. More...
                      
                      ------------------------------------------------------------------------------
05/Nov/2023 22:48:23  For some elements the curvature had to be reduced to maintain the quality of the mesh. More...
                      
                      ------------------------------------------------------------------------------
05/Nov/2023 22:48:24    ----------------------------------------------------------------------------
                        Port   Mode   Type        Z-Wave        Z-Wave-Sigma  Z-Line        F-Cutoff
                        1      1      TE          152           1.74          ---           0
                        ----------------------------------------------------------------------------
                      
                      
                      ------------------------------------------------------------------------------
05/Nov/2023 22:48:25  Adaptive mesh refinement pass 1
                      
                      ------------------------------------------------------------------------------
05/Nov/2023 22:48:26    Matrix setup time        :	0 s
                        Solver setup             :	1 s
                        Degrees of freedom       :	76409
                        Number of mesh cells     :	12726
                      
                        Stimulation port         :	1
                        Mode number              :	1
                        Accuracy                 :	0.000104676
                        Iterations               :	5
                        Solver time              :	0 s
                      
                      
                      ------------------------------------------------------------------------------
05/Nov/2023 22:48:26  The input reflection seems to be large at 15 GHz. The adaptive mesh refinement at this sample will be stopped. A new 
                      mesh adaptation frequency has been added at 7.55 GHz.  More...
                      
                      ------------------------------------------------------------------------------
05/Nov/2023 22:48:30    Generating results       :	3 s
                      
                        Total time               :	11 s
                      
                      ------------------------------------------------------------------------------

                      ------------------------------------------------------------------------------
05/Nov/2023 22:48:30    Calculation 2 of 2 (Frequency: 7.55 GHz)
                      
                      
                      ------------------------------------------------------------------------------
05/Nov/2023 22:48:30    ----------------------------------------------------------------------------
                        Port   Mode   Type        Z-Wave        Z-Wave-Sigma  Z-Line        F-Cutoff
                        1      1      TE          68.1          0.783         ---           0
                        ----------------------------------------------------------------------------
                      
                      
                      ------------------------------------------------------------------------------
05/Nov/2023 22:48:30  Adaptive mesh refinement pass 1
                      
                      ------------------------------------------------------------------------------
05/Nov/2023 22:48:31    Matrix setup time        :	0 s
                        Degrees of freedom       :	76409
                        Number of mesh cells     :	12726
                      
                        Stimulation port         :	1
                        Mode number              :	1
                        Accuracy                 :	2.43093e-05
                        Iterations               :	5
                        Solver time              :	1 s
                      
                      
                      ------------------------------------------------------------------------------
05/Nov/2023 22:48:31  The input reflection seems to be large at 7.55 GHz. The adaptive mesh refinement at this sample will be stopped. A new 
                      mesh adaptation frequency has been added at 11.275 GHz.  More...
                      
                      ------------------------------------------------------------------------------
05/Nov/2023 22:48:33    Total time               :	2 s
                      
                      ------------------------------------------------------------------------------

                      ------------------------------------------------------------------------------
05/Nov/2023 22:48:33    Calculation 3 of 3 (Frequency: 11.275 GHz)
                      
                      
                      ------------------------------------------------------------------------------
05/Nov/2023 22:48:33    ----------------------------------------------------------------------------
                        Port   Mode   Type        Z-Wave        Z-Wave-Sigma  Z-Line        F-Cutoff
                        1      1      TE          106           1.22          ---           0
                        ----------------------------------------------------------------------------
                      
                      
                      ------------------------------------------------------------------------------
05/Nov/2023 22:48:33  Adaptive mesh refinement pass 1
                      
                      ------------------------------------------------------------------------------
05/Nov/2023 22:48:34    Matrix setup time        :	0 s
                        Degrees of freedom       :	76409
                        Number of mesh cells     :	12726
                      
                        Stimulation port         :	1
                        Mode number              :	1
                        Accuracy                 :	4.40319e-06
                        Iterations               :	5
                        Solver time              :	1 s
                      
                      
                      ------------------------------------------------------------------------------
05/Nov/2023 22:48:34  The input reflection seems to be large at 11.275 GHz. The adaptive mesh refinement at this sample will be stopped. A new
                      mesh adaptation frequency has been added at 3.825 GHz.  More...
                      
                      ------------------------------------------------------------------------------
05/Nov/2023 22:48:35    Total time               :	2 s
                      
                      ------------------------------------------------------------------------------

                      ------------------------------------------------------------------------------
05/Nov/2023 22:48:35    Calculation 4 of 4 (Frequency: 3.825 GHz)
                      
                      
                      ------------------------------------------------------------------------------
05/Nov/2023 22:48:36    ----------------------------------------------------------------------------
                        Port   Mode   Type        Z-Wave        Z-Wave-Sigma  Z-Line        F-Cutoff
                        1      1      TE          33.6          0.387         ---           0
                        ----------------------------------------------------------------------------
                      
                      
                      ------------------------------------------------------------------------------
05/Nov/2023 22:48:36  Adaptive mesh refinement pass 1
                      
                      ------------------------------------------------------------------------------
05/Nov/2023 22:48:37    Matrix setup time        :	0 s
                        Degrees of freedom       :	76409
                        Number of mesh cells     :	12726
                      
                        Stimulation port         :	1
                        Mode number              :	1
                        Accuracy                 :	2.68833e-06
                        Iterations               :	5
                        Solver time              :	1 s
                      
                      
                      ------------------------------------------------------------------------------
05/Nov/2023 22:48:37  The input reflection seems to be large at 3.825 GHz. The adaptive mesh refinement at this sample will be stopped. A new 
                      mesh adaptation frequency has been added at 0.1 GHz.  More...
                      
                      ------------------------------------------------------------------------------
05/Nov/2023 22:48:38    Total time               :	3 s
                      
                      ------------------------------------------------------------------------------

                      ------------------------------------------------------------------------------
05/Nov/2023 22:48:38    Calculation 5 of 5 (Frequency: 0.1 GHz)
                      
                      
                      ------------------------------------------------------------------------------
05/Nov/2023 22:48:39    ----------------------------------------------------------------------------
                        Port   Mode   Type        Z-Wave        Z-Wave-Sigma  Z-Line        F-Cutoff
                        1      1      TE          0.872         0.01          ---           0
                        ----------------------------------------------------------------------------
                      
                      
                      ------------------------------------------------------------------------------
05/Nov/2023 22:48:39  Adaptive mesh refinement pass 1
                      
                      ------------------------------------------------------------------------------
05/Nov/2023 22:48:40    Matrix setup time        :	0 s
                        Degrees of freedom       :	76409
                        Number of mesh cells     :	12726
                      
                        Stimulation port         :	1
                        Mode number              :	1
                        Accuracy                 :	0.0001473
                        Iterations               :	5
                        Solver time              :	1 s
                      
                      
                      ------------------------------------------------------------------------------
05/Nov/2023 22:48:40  The input reflection seems to be large at 0.1 GHz. The adaptive mesh refinement at this sample will be stopped. The mesh
                      adaptation is performed at 15 GHz again.  More...
                      
                      ------------------------------------------------------------------------------
05/Nov/2023 22:48:42    Total time               :	3 s
                      
                      ------------------------------------------------------------------------------

                      ------------------------------------------------------------------------------
05/Nov/2023 22:48:42    Calculation 1 of 5 (Frequency: 15 GHz)
                      
                      
                      ------------------------------------------------------------------------------
05/Nov/2023 22:48:42    ----------------------------------------------------------------------------
                        Port   Mode   Type        Z-Wave        Z-Wave-Sigma  Z-Line        F-Cutoff
                        1      1      TE          152           1.74          ---           0
                        ----------------------------------------------------------------------------
                      
                      
                      ------------------------------------------------------------------------------
05/Nov/2023 22:48:43  For some elements the curvature had to be reduced to maintain the quality of the mesh. More...
                      
                      ------------------------------------------------------------------------------
05/Nov/2023 22:48:44    ----------------------------------------------------------------------------
                        Port   Mode   Type        Z-Wave        Z-Wave-Sigma  Z-Line        F-Cutoff
                        1      1      TE          152           1.65          ---           0
                        ----------------------------------------------------------------------------
                      
                      
                      ------------------------------------------------------------------------------
05/Nov/2023 22:48:44  Adaptive mesh refinement pass 2
                      
                      ------------------------------------------------------------------------------
05/Nov/2023 22:48:45    Matrix setup time        :	1 s
                        Degrees of freedom       :	88031
                        Number of mesh cells     :	14570
                      
                        Stimulation port         :	1
                        Mode number              :	1
                        Accuracy                 :	9.46612e-05
                        Iterations               :	5
                        Solver time              :	0 s
                      
                      
                      ------------------------------------------------------------------------------
05/Nov/2023 22:48:46  *** Warning ***
                      
05/Nov/2023 22:48:46  The input reflection seems to be large at 15 GHz. The mesh adaptation sample will not be moved again. Please define a 
                      suitable constant adaptation frequency.  More...
                      
                      ------------------------------------------------------------------------------
05/Nov/2023 22:48:47  For some elements the curvature had to be reduced to maintain the quality of the mesh. More...
                      
                      ------------------------------------------------------------------------------
05/Nov/2023 22:48:48    ----------------------------------------------------------------------------
                        Port   Mode   Type        Z-Wave        Z-Wave-Sigma  Z-Line        F-Cutoff
                        1      1      TE          152           1.64          ---           0
                        ----------------------------------------------------------------------------
                      
                      
                      ------------------------------------------------------------------------------
05/Nov/2023 22:48:49  Adaptive mesh refinement pass 3
                      
                      ------------------------------------------------------------------------------
05/Nov/2023 22:48:49    Matrix setup time        :	0 s
                        Degrees of freedom       :	99477
                        Number of mesh cells     :	16400
                      
                        Stimulation port         :	1
                        Mode number              :	1
                        Accuracy                 :	9.24072e-05
                        Iterations               :	5
                        Solver time              :	0 s
                      
                      
                      ------------------------------------------------------------------------------
05/Nov/2023 22:48:50    Delta calculation        
05/Nov/2023 22:48:50    All S-Parameters         :	3.99376e+34

                      ------------------------------------------------------------------------------
05/Nov/2023 22:48:51  For some elements the curvature had to be reduced to maintain the quality of the mesh. More...
                      
                      ------------------------------------------------------------------------------
05/Nov/2023 22:48:53    ----------------------------------------------------------------------------
                        Port   Mode   Type        Z-Wave        Z-Wave-Sigma  Z-Line        F-Cutoff
                        1      1      TE          152           1.73          ---           0
                        ----------------------------------------------------------------------------
                      
                      
                      ------------------------------------------------------------------------------
05/Nov/2023 22:48:53  Adaptive mesh refinement pass 4
                      
                      ------------------------------------------------------------------------------
05/Nov/2023 22:48:54    Matrix setup time        :	0 s
                        Degrees of freedom       :	111017
                        Number of mesh cells     :	18237
                      
                        Stimulation port         :	1
                        Mode number              :	1
                        Accuracy                 :	8.89027e-05
                        Iterations               :	5
                        Solver time              :	1 s
                      
                      
                      ------------------------------------------------------------------------------
05/Nov/2023 22:48:54    Delta calculation        
05/Nov/2023 22:48:54    All S-Parameters         :	5.00569e+34

                      ------------------------------------------------------------------------------
05/Nov/2023 22:48:56  For some elements the curvature had to be reduced to maintain the quality of the mesh. More...
                      
                      ------------------------------------------------------------------------------
05/Nov/2023 22:48:57    ----------------------------------------------------------------------------
                        Port   Mode   Type        Z-Wave        Z-Wave-Sigma  Z-Line        F-Cutoff
                        1      1      TE          152           1.89          ---           0
                        ----------------------------------------------------------------------------
                      
                      
                      ------------------------------------------------------------------------------
05/Nov/2023 22:48:57  Adaptive mesh refinement pass 5
                      
                      ------------------------------------------------------------------------------
05/Nov/2023 22:48:58    Matrix setup time        :	1 s
                        Degrees of freedom       :	122637
                        Number of mesh cells     :	20081
                      
                        Stimulation port         :	1
                        Mode number              :	1
                        Accuracy                 :	8.60877e-05
                        Iterations               :	5
                        Solver time              :	0 s
                      
                      
                      ------------------------------------------------------------------------------
05/Nov/2023 22:48:59    Delta calculation        
05/Nov/2023 22:48:59    All S-Parameters         :	1.34291e+35

                      ------------------------------------------------------------------------------
05/Nov/2023 22:49:00  For some elements the curvature had to be reduced to maintain the quality of the mesh. More...
                      
                      ------------------------------------------------------------------------------
05/Nov/2023 22:49:02    ----------------------------------------------------------------------------
                        Port   Mode   Type        Z-Wave        Z-Wave-Sigma  Z-Line        F-Cutoff
                        1      1      TE          152           1.71          ---           0
                        ----------------------------------------------------------------------------
                      
                      
                      ------------------------------------------------------------------------------
05/Nov/2023 22:49:02  Adaptive mesh refinement pass 6
                      
                      ------------------------------------------------------------------------------
05/Nov/2023 22:49:03    Matrix setup time        :	0 s
                        Solver setup             :	1 s
                        Degrees of freedom       :	134025
                        Number of mesh cells     :	21903
                      
                        Stimulation port         :	1
                        Mode number              :	1
                        Accuracy                 :	8.24852e-05
                        Iterations               :	5
                        Solver time              :	0 s
                      
                      
                      ------------------------------------------------------------------------------
05/Nov/2023 22:49:04    Delta calculation        
05/Nov/2023 22:49:04    All S-Parameters         :	1.59892e+35

                      ------------------------------------------------------------------------------
05/Nov/2023 22:49:05  For some elements the curvature had to be reduced to maintain the quality of the mesh. More...
                      
                      ------------------------------------------------------------------------------
05/Nov/2023 22:49:07    ----------------------------------------------------------------------------
                        Port   Mode   Type        Z-Wave        Z-Wave-Sigma  Z-Line        F-Cutoff
                        1      1      TE          152           1.82          ---           0
                        ----------------------------------------------------------------------------
                      
                      
                      ------------------------------------------------------------------------------
05/Nov/2023 22:49:07  Adaptive mesh refinement pass 7
                      
                      ------------------------------------------------------------------------------
05/Nov/2023 22:49:08    Matrix setup time        :	0 s
                        Solver setup             :	1 s
                        Degrees of freedom       :	145599
                        Number of mesh cells     :	23739
                      
                        Stimulation port         :	1
                        Mode number              :	1
                        Accuracy                 :	8.14479e-05
                        Iterations               :	5
                        Solver time              :	0 s
                      
                      
                      ------------------------------------------------------------------------------
05/Nov/2023 22:49:09    Delta calculation        
05/Nov/2023 22:49:09    All S-Parameters         :	8.70691e+34

                      ------------------------------------------------------------------------------
05/Nov/2023 22:49:10  For some elements the curvature had to be reduced to maintain the quality of the mesh. More...
                      
                      ------------------------------------------------------------------------------
05/Nov/2023 22:49:12    ----------------------------------------------------------------------------
                        Port   Mode   Type        Z-Wave        Z-Wave-Sigma  Z-Line        F-Cutoff
                        1      1      TE          152           1.59          ---           0
                        ----------------------------------------------------------------------------
                      
                      
                      ------------------------------------------------------------------------------
05/Nov/2023 22:49:12  Adaptive mesh refinement pass 8
                      
                      ------------------------------------------------------------------------------
05/Nov/2023 22:49:13    Matrix setup time        :	0 s
                        Solver setup             :	1 s
                        Degrees of freedom       :	157181
                        Number of mesh cells     :	25581
                      
                        Stimulation port         :	1
                        Mode number              :	1
                        Accuracy                 :	7.91739e-05
                        Iterations               :	5
                        Solver time              :	0 s
                      
                      
                      ------------------------------------------------------------------------------
05/Nov/2023 22:49:14    Delta calculation        
05/Nov/2023 22:49:14    All S-Parameters         :	9.31646e+34

                      ------------------------------------------------------------------------------
05/Nov/2023 22:49:14  *** Warning ***
                      
05/Nov/2023 22:49:14  Mesh adaptation terminated because the maximum number of passes is reached.
                      
                      ------------------------------------------------------------------------------
05/Nov/2023 22:49:16    Generating results       :	2 s
                      
                        Total time               :	34 s
                      
                      ------------------------------------------------------------------------------

                      ------------------------------------------------------------------------------
05/Nov/2023 22:49:17    Calculation 3 (Frequency: 11.275 GHz)
                      
                      
                      ------------------------------------------------------------------------------
05/Nov/2023 22:49:17    ----------------------------------------------------------------------------
                        Port   Mode   Type        Z-Wave        Z-Wave-Sigma  Z-Line        F-Cutoff
                        1      1      TE          106           1.11          ---           0
                        ----------------------------------------------------------------------------
                      
                      
                      ------------------------------------------------------------------------------
05/Nov/2023 22:49:18    Matrix setup time        :	0 s
                        Degrees of freedom       :	157181
                        Number of mesh cells     :	25581
                      
                        Stimulation port         :	1
                        Mode number              :	1
                        Accuracy                 :	8.52925e-06
                        Iterations               :	5
                        Solver time              :	1 s
                      
                      
                      ------------------------------------------------------------------------------
05/Nov/2023 22:49:19    Generating results       :	1 s
                      
                        Total time               :	2 s
                      
                      ------------------------------------------------------------------------------

                      ------------------------------------------------------------------------------
05/Nov/2023 22:49:19    Calculation 4 (Frequency: 3.825 GHz)
                      
                      
                      ------------------------------------------------------------------------------
05/Nov/2023 22:49:19    ----------------------------------------------------------------------------
                        Port   Mode   Type        Z-Wave        Z-Wave-Sigma  Z-Line        F-Cutoff
                        1      1      TE          33.7          0.352         ---           0
                        ----------------------------------------------------------------------------
                      
                      
                      ------------------------------------------------------------------------------
05/Nov/2023 22:49:20    Matrix setup time        :	1 s
                        Degrees of freedom       :	157181
                        Number of mesh cells     :	25581
                      
                        Stimulation port         :	1
                        Mode number              :	1
                        Accuracy                 :	4.8139e-06
                        Iterations               :	5
                        Solver time              :	0 s
                      
                      
                      ------------------------------------------------------------------------------
05/Nov/2023 22:49:22    Generating results       :	2 s
                      
                        Total time               :	3 s
                      
                      ------------------------------------------------------------------------------

                      ------------------------------------------------------------------------------
05/Nov/2023 22:49:22    Calculation 5 (Frequency: 0.1 GHz)
                      
                      
                      ------------------------------------------------------------------------------
05/Nov/2023 22:49:22    ----------------------------------------------------------------------------
                        Port   Mode   Type        Z-Wave        Z-Wave-Sigma  Z-Line        F-Cutoff
                        1      1      TE          0.873         0.00913       ---           0
                        ----------------------------------------------------------------------------
                      
                      
                      ------------------------------------------------------------------------------
05/Nov/2023 22:49:23    Matrix setup time        :	1 s
                        Degrees of freedom       :	157181
                        Number of mesh cells     :	25581
                      
                        Stimulation port         :	1
                        Mode number              :	1
                        Accuracy                 :	1.16737e-05
                        Iterations               :	5
                        Solver time              :	0 s
                      
                      
                      ------------------------------------------------------------------------------
05/Nov/2023 22:49:25    Generating results       :	2 s
                      
                        Total time               :	3 s
                      
                      ------------------------------------------------------------------------------

                      ------------------------------------------------------------------------------
05/Nov/2023 22:49:25    Calculation 2 (Frequency: 7.55 GHz)
                      
                      
                      ------------------------------------------------------------------------------
05/Nov/2023 22:49:26    ----------------------------------------------------------------------------
                        Port   Mode   Type        Z-Wave        Z-Wave-Sigma  Z-Line        F-Cutoff
                        1      1      TE          68.1          0.713         ---           0
                        ----------------------------------------------------------------------------
                      
                      
                      ------------------------------------------------------------------------------
05/Nov/2023 22:49:26    Matrix setup time        :	0 s
                        Degrees of freedom       :	157181
                        Number of mesh cells     :	25581
                      
                        Stimulation port         :	1
                        Mode number              :	1
                        Accuracy                 :	5.97872e-07
                        Iterations               :	5
                        Solver time              :	0 s
                      
                      
                      ------------------------------------------------------------------------------
05/Nov/2023 22:49:29    Generating results       :	3 s
                      
                        Total time               :	4 s
                      
                      ------------------------------------------------------------------------------

                      ------------------------------------------------------------------------------
05/Nov/2023 22:49:29    Calculation 6 (Frequency: 11.5432 GHz)
                      
                      
                      ------------------------------------------------------------------------------
05/Nov/2023 22:49:29    ----------------------------------------------------------------------------
                        Port   Mode   Type        Z-Wave        Z-Wave-Sigma  Z-Line        F-Cutoff
                        1      1      TE          109           1.14          ---           0
                        ----------------------------------------------------------------------------
                      
                      
                      ------------------------------------------------------------------------------
05/Nov/2023 22:49:29    Matrix setup time        :	0 s
                        Degrees of freedom       :	157181
                        Number of mesh cells     :	25581
                      
                        Stimulation port         :	1
                        Mode number              :	1
                        Accuracy                 :	9.50098e-06
                        Iterations               :	0
                        Solver time              :	1699235369 s
                      
                      
                      ------------------------------------------------------------------------------
05/Nov/2023 22:49:31    Generating results       :	2 s
                      
                        Total time               :	2 s
                      
                      ------------------------------------------------------------------------------

                      ------------------------------------------------------------------------------
05/Nov/2023 22:49:31    Calculation 7 (Frequency: 10.5449 GHz)
                      
                      
                      ------------------------------------------------------------------------------
05/Nov/2023 22:49:31    ----------------------------------------------------------------------------
                        Port   Mode   Type        Z-Wave        Z-Wave-Sigma  Z-Line        F-Cutoff
                        1      1      TE          98.4          1.03          ---           0
                        ----------------------------------------------------------------------------
                      
                      
                      ------------------------------------------------------------------------------
05/Nov/2023 22:49:32    Matrix setup time        :	0 s
                        Degrees of freedom       :	157181
                        Number of mesh cells     :	25581
                      
                        Stimulation port         :	1
                        Mode number              :	1
                        Accuracy                 :	6.17996e-06
                        Iterations               :	0
                        Solver time              :	1699235372 s
                      
                      
                      ------------------------------------------------------------------------------
05/Nov/2023 22:49:34    Generating results       :	2 s
                      
                        Total time               :	3 s
                      
                      ------------------------------------------------------------------------------

                      ------------------------------------------------------------------------------
05/Nov/2023 22:49:34    Calculation 8 (Frequency: 14.5232 GHz)
                      
                      
                      ------------------------------------------------------------------------------
05/Nov/2023 22:49:34    ----------------------------------------------------------------------------
                        Port   Mode   Type        Z-Wave        Z-Wave-Sigma  Z-Line        F-Cutoff
                        1      1      TE          145           1.52          ---           0
                        ----------------------------------------------------------------------------
                      
                      
                      ------------------------------------------------------------------------------
05/Nov/2023 22:49:35    Matrix setup time        :	1 s
                        Degrees of freedom       :	157181
                        Number of mesh cells     :	25581
                      
                        Stimulation port         :	1
                        Mode number              :	1
                        Accuracy                 :	1.03852e-06
                        Iterations               :	5
                        Solver time              :	0 s
                      
                      
                      ------------------------------------------------------------------------------
05/Nov/2023 22:49:37    Generating results       :	2 s
                      
                        Total time               :	3 s
                      
                      ------------------------------------------------------------------------------

                      ------------------------------------------------------------------------------
05/Nov/2023 22:49:37    Calculation 9 (Frequency: 1.6645 GHz)
                      
                      
                      ------------------------------------------------------------------------------
05/Nov/2023 22:49:37    ----------------------------------------------------------------------------
                        Port   Mode   Type        Z-Wave        Z-Wave-Sigma  Z-Line        F-Cutoff
                        1      1      TE          14.5          0.152         ---           0
                        ----------------------------------------------------------------------------
                      
                      
                      ------------------------------------------------------------------------------
05/Nov/2023 22:49:38    Matrix setup time        :	0 s
                        Solver setup             :	1 s
                        Degrees of freedom       :	157181
                        Number of mesh cells     :	25581
                      
                        Stimulation port         :	1
                        Mode number              :	1
                        Accuracy                 :	1.88215e-06
                        Iterations               :	5
                        Solver time              :	0 s
                      
                      
                      ------------------------------------------------------------------------------
05/Nov/2023 22:49:39    Generating results       :	1 s
                      
                        Total time               :	2 s
                      
                      ------------------------------------------------------------------------------

                      ------------------------------------------------------------------------------
05/Nov/2023 22:49:39    Calculation 10 (Frequency: 14.8361 GHz)
                      
                      
                      ------------------------------------------------------------------------------
05/Nov/2023 22:49:40    ----------------------------------------------------------------------------
                        Port   Mode   Type        Z-Wave        Z-Wave-Sigma  Z-Line        F-Cutoff
                        1      1      TE          149           1.56          ---           0
                        ----------------------------------------------------------------------------
                      
                      
                      ------------------------------------------------------------------------------
05/Nov/2023 22:49:40    Matrix setup time        :	0 s
                        Degrees of freedom       :	157181
                        Number of mesh cells     :	25581
                      
                        Stimulation port         :	1
                        Mode number              :	1
                        Accuracy                 :	1.15581e-06
                        Iterations               :	0
                        Solver time              :	1699235380 s
                      
                      
                      ------------------------------------------------------------------------------
05/Nov/2023 22:49:42    Generating results       :	2 s
                      
                        Total time               :	3 s
                      
                      ------------------------------------------------------------------------------

                      ------------------------------------------------------------------------------
05/Nov/2023 22:49:42    Calculation 11 (Frequency: 13.957 GHz)
                      
                      
                      ------------------------------------------------------------------------------
05/Nov/2023 22:49:42    ----------------------------------------------------------------------------
                        Port   Mode   Type        Z-Wave        Z-Wave-Sigma  Z-Line        F-Cutoff
                        1      1      TE          138           1.44          ---           0
                        ----------------------------------------------------------------------------
                      
                      
                      ------------------------------------------------------------------------------
05/Nov/2023 22:49:43    Matrix setup time        :	1 s
                        Degrees of freedom       :	157181
                        Number of mesh cells     :	25581
                      
                        Stimulation port         :	1
                        Mode number              :	1
                        Accuracy                 :	1.96319e-06
                        Iterations               :	0
                        Solver time              :	1699235383 s
                      
                      
                      ------------------------------------------------------------------------------
05/Nov/2023 22:49:44    Generating results       :	1 s
                      
                        Total time               :	2 s
                      
                      ------------------------------------------------------------------------------

                      ------------------------------------------------------------------------------
05/Nov/2023 22:49:44    Calculation 12 (Frequency: 5.5832 GHz)
                      
                      
                      ------------------------------------------------------------------------------
05/Nov/2023 22:49:45    ----------------------------------------------------------------------------
                        Port   Mode   Type        Z-Wave        Z-Wave-Sigma  Z-Line        F-Cutoff
                        1      1      TE          49.6          0.519         ---           0
                        ----------------------------------------------------------------------------
                      
                      
                      ------------------------------------------------------------------------------
05/Nov/2023 22:49:45    Matrix setup time        :	0 s
                        Degrees of freedom       :	157181
                        Number of mesh cells     :	25581
                      
                        Stimulation port         :	1
                        Mode number              :	1
                        Accuracy                 :	2.66414e-06
                        Iterations               :	0
                        Solver time              :	1699235385 s
                      
                      
                      ------------------------------------------------------------------------------
05/Nov/2023 22:49:47    Generating results       :	2 s
                      
                        Total time               :	3 s
                      
                      ------------------------------------------------------------------------------

                      ------------------------------------------------------------------------------
05/Nov/2023 22:49:47    Calculation 13 (Frequency: 2.782 GHz)
                      
                      
                      ------------------------------------------------------------------------------
05/Nov/2023 22:49:47    ----------------------------------------------------------------------------
                        Port   Mode   Type        Z-Wave        Z-Wave-Sigma  Z-Line        F-Cutoff
                        1      1      TE          24.4          0.255         ---           0
                        ----------------------------------------------------------------------------
                      
                      
                      ------------------------------------------------------------------------------
05/Nov/2023 22:49:48    Matrix setup time        :	1 s
                        Degrees of freedom       :	157181
                        Number of mesh cells     :	25581
                      
                        Stimulation port         :	1
                        Mode number              :	1
                        Accuracy                 :	4.50331e-06
                        Iterations               :	0
                        Solver time              :	1699235388 s
                      
                      
                      ------------------------------------------------------------------------------
05/Nov/2023 22:49:49    Generating results       :	1 s
                      
                        Total time               :	2 s
                      
                      ------------------------------------------------------------------------------

                      ------------------------------------------------------------------------------
05/Nov/2023 22:49:49  Finished the general purpose interpolative broadband frequency sweep:
                      All broadband sweep convergence criteria have been satisfied after
                      calculating 13 frequency samples:
                      
                        Broadband sweep error threshold value : 
                                                                0.01 (All S-Parameters) 
                        Number of error criterion checks      : 
                                                                2 (All S-Parameters) 
                        Minimum number of samples             : 3
                      
                      
                      ------------------------------------------------------------------------------
05/Nov/2023 22:49:50    Total Solver Time        :	87 s	 (= 0 h, 01 m, 27 s)
                      ================================================================================
                      
                      
                      
                      ------------------------------------------------------------------------------
05/Nov/2023 22:49:50  Calculating remaining monitors.
                      
                      ------------------------------------------------------------------------------
05/Nov/2023 22:49:51    ----------------------------------------------------------------------------
                                            Peak memory used (kB)         Free physical memory (kB) 
                                                                          At begin     Minimum      
                        ----------------------------------------------------------------------------
                        Solver start        19980                         26698192     26698096     
                        Eq. system setup    446676                        26531316     25549996     
                        Eq. system solve    446676                        26502344     25490716     
                        Mesh refinement     427508                        25835872     25673108     
                        Solver run total    446676                        26698196     25550088     
                      
                        Computer name       Tincho-Home
                        ----------------------------------------------------------------------------
                      
                      
                      ------------------------------------------------------------------------------
05/Nov/2023 22:49:51  Running postprocessing.
                      
                      ------------------------------------------------------------------------------
05/Nov/2023 22:49:56  Postprocessing finished.
                      
                      ------------------------------------------------------------------------------
05/Nov/2023 22:49:57  Creating parametric 1D results for Run ID 1
                      
                      ------------------------------------------------------------------------------
