Unknown:
E:\My Drive\Facultad\Materias Facultad\MEII\Proy ME2 2023\05-CST\Sonda_v2\Result\Model.axg
E:\My Drive\Facultad\Materias Facultad\MEII\Proy ME2 2023\05-CST\Sonda_v2\Result\Model.swp
E:\My Drive\Facultad\Materias Facultad\MEII\Proy ME2 2023\05-CST\Sonda_v2\Result\Model.log
E:\My Drive\Facultad\Materias Facultad\MEII\Proy ME2 2023\05-CST\Sonda_v2\Result\ml_info.log
E:\My Drive\Facultad\Materias Facultad\MEII\Proy ME2 2023\05-CST\Sonda_v2\Result\Model.sa
E:\My Drive\Facultad\Materias Facultad\MEII\Proy ME2 2023\05-CST\Sonda_v2\Result\Port2_e1(#0000).sct
E:\My Drive\Facultad\Materias Facultad\MEII\Proy ME2 2023\05-CST\Sonda_v2\Result\Port2_h1(#0000).sct
E:\My Drive\Facultad\Materias Facultad\MEII\Proy ME2 2023\05-CST\Sonda_v2\Result\Port2_eInfo1(#0000).pmf
E:\My Drive\Facultad\Materias Facultad\MEII\Proy ME2 2023\05-CST\Sonda_v2\Result\Port2_hInfo1(#0000).pmf
E:\My Drive\Facultad\Materias Facultad\MEII\Proy ME2 2023\05-CST\Sonda_v2\Result\Port3_e1(#0000).sct
E:\My Drive\Facultad\Materias Facultad\MEII\Proy ME2 2023\05-CST\Sonda_v2\Result\Port3_h1(#0000).sct
E:\My Drive\Facultad\Materias Facultad\MEII\Proy ME2 2023\05-CST\Sonda_v2\Result\Port3_eInfo1(#0000).pmf
E:\My Drive\Facultad\Materias Facultad\MEII\Proy ME2 2023\05-CST\Sonda_v2\Result\Port3_hInfo1(#0000).pmf
E:\My Drive\Facultad\Materias Facultad\MEII\Proy ME2 2023\05-CST\Sonda_v2\Result\Port1_e1(#0000).sct
E:\My Drive\Facultad\Materias Facultad\MEII\Proy ME2 2023\05-CST\Sonda_v2\Result\Port1_h1(#0000).sct
E:\My Drive\Facultad\Materias Facultad\MEII\Proy ME2 2023\05-CST\Sonda_v2\Result\Port1_eInfo1(#0000).pmf
E:\My Drive\Facultad\Materias Facultad\MEII\Proy ME2 2023\05-CST\Sonda_v2\Result\Port1_hInfo1(#0000).pmf
E:\My Drive\Facultad\Materias Facultad\MEII\Proy ME2 2023\05-CST\Sonda_v2\Result\SolCoef(#0000)_1(1).scf
E:\My Drive\Facultad\Materias Facultad\MEII\Proy ME2 2023\05-CST\Sonda_v2\Result\Port3_e1(#0001).sct
E:\My Drive\Facultad\Materias Facultad\MEII\Proy ME2 2023\05-CST\Sonda_v2\Result\Port3_h1(#0001).sct
E:\My Drive\Facultad\Materias Facultad\MEII\Proy ME2 2023\05-CST\Sonda_v2\Result\Port3_eInfo1(#0001).pmf
E:\My Drive\Facultad\Materias Facultad\MEII\Proy ME2 2023\05-CST\Sonda_v2\Result\Port3_hInfo1(#0001).pmf
E:\My Drive\Facultad\Materias Facultad\MEII\Proy ME2 2023\05-CST\Sonda_v2\Result\Port1_e1(#0001).sct
E:\My Drive\Facultad\Materias Facultad\MEII\Proy ME2 2023\05-CST\Sonda_v2\Result\Port1_h1(#0001).sct
E:\My Drive\Facultad\Materias Facultad\MEII\Proy ME2 2023\05-CST\Sonda_v2\Result\Port1_eInfo1(#0001).pmf
E:\My Drive\Facultad\Materias Facultad\MEII\Proy ME2 2023\05-CST\Sonda_v2\Result\Port1_hInfo1(#0001).pmf
E:\My Drive\Facultad\Materias Facultad\MEII\Proy ME2 2023\05-CST\Sonda_v2\Result\Port3_e1(#0002).sct
E:\My Drive\Facultad\Materias Facultad\MEII\Proy ME2 2023\05-CST\Sonda_v2\Result\Port3_h1(#0002).sct
E:\My Drive\Facultad\Materias Facultad\MEII\Proy ME2 2023\05-CST\Sonda_v2\Result\Port3_eInfo1(#0002).pmf
E:\My Drive\Facultad\Materias Facultad\MEII\Proy ME2 2023\05-CST\Sonda_v2\Result\Port3_hInfo1(#0002).pmf
E:\My Drive\Facultad\Materias Facultad\MEII\Proy ME2 2023\05-CST\Sonda_v2\Result\Port1_e1(#0002).sct
E:\My Drive\Facultad\Materias Facultad\MEII\Proy ME2 2023\05-CST\Sonda_v2\Result\Port1_h1(#0002).sct
E:\My Drive\Facultad\Materias Facultad\MEII\Proy ME2 2023\05-CST\Sonda_v2\Result\Port1_eInfo1(#0002).pmf
E:\My Drive\Facultad\Materias Facultad\MEII\Proy ME2 2023\05-CST\Sonda_v2\Result\Port1_hInfo1(#0002).pmf
E:\My Drive\Facultad\Materias Facultad\MEII\Proy ME2 2023\05-CST\Sonda_v2\Result\Port3_e1(#0003).sct
E:\My Drive\Facultad\Materias Facultad\MEII\Proy ME2 2023\05-CST\Sonda_v2\Result\Port3_h1(#0003).sct
E:\My Drive\Facultad\Materias Facultad\MEII\Proy ME2 2023\05-CST\Sonda_v2\Result\Port3_eInfo1(#0003).pmf
E:\My Drive\Facultad\Materias Facultad\MEII\Proy ME2 2023\05-CST\Sonda_v2\Result\Port3_hInfo1(#0003).pmf
E:\My Drive\Facultad\Materias Facultad\MEII\Proy ME2 2023\05-CST\Sonda_v2\Result\Port1_e1(#0003).sct
E:\My Drive\Facultad\Materias Facultad\MEII\Proy ME2 2023\05-CST\Sonda_v2\Result\Port1_h1(#0003).sct
E:\My Drive\Facultad\Materias Facultad\MEII\Proy ME2 2023\05-CST\Sonda_v2\Result\Port1_eInfo1(#0003).pmf
E:\My Drive\Facultad\Materias Facultad\MEII\Proy ME2 2023\05-CST\Sonda_v2\Result\Port1_hInfo1(#0003).pmf
E:\My Drive\Facultad\Materias Facultad\MEII\Proy ME2 2023\05-CST\Sonda_v2\Result\Port3_e1(#0004).sct
E:\My Drive\Facultad\Materias Facultad\MEII\Proy ME2 2023\05-CST\Sonda_v2\Result\Port3_h1(#0004).sct
E:\My Drive\Facultad\Materias Facultad\MEII\Proy ME2 2023\05-CST\Sonda_v2\Result\Port3_eInfo1(#0004).pmf
E:\My Drive\Facultad\Materias Facultad\MEII\Proy ME2 2023\05-CST\Sonda_v2\Result\Port3_hInfo1(#0004).pmf
E:\My Drive\Facultad\Materias Facultad\MEII\Proy ME2 2023\05-CST\Sonda_v2\Result\Port1_e1(#0004).sct
E:\My Drive\Facultad\Materias Facultad\MEII\Proy ME2 2023\05-CST\Sonda_v2\Result\Port1_h1(#0004).sct
E:\My Drive\Facultad\Materias Facultad\MEII\Proy ME2 2023\05-CST\Sonda_v2\Result\Port1_eInfo1(#0004).pmf
E:\My Drive\Facultad\Materias Facultad\MEII\Proy ME2 2023\05-CST\Sonda_v2\Result\Port1_hInfo1(#0004).pmf
E:\My Drive\Facultad\Materias Facultad\MEII\Proy ME2 2023\05-CST\Sonda_v2\Result\Estimate (#0000).err
E:\My Drive\Facultad\Materias Facultad\MEII\Proy ME2 2023\05-CST\Sonda_v2\Result\SolCoef(#0002)_1(1).scf
E:\My Drive\Facultad\Materias Facultad\MEII\Proy ME2 2023\05-CST\Sonda_v2\Result\SolCoef(#0003)_1(1).scf
E:\My Drive\Facultad\Materias Facultad\MEII\Proy ME2 2023\05-CST\Sonda_v2\Result\SolCoef(#0004)_1(1).scf
E:\My Drive\Facultad\Materias Facultad\MEII\Proy ME2 2023\05-CST\Sonda_v2\Result\SolCoef(#0001)_1(1).scf
E:\My Drive\Facultad\Materias Facultad\MEII\Proy ME2 2023\05-CST\Sonda_v2\Result\Port3_e1(#0005).sct
E:\My Drive\Facultad\Materias Facultad\MEII\Proy ME2 2023\05-CST\Sonda_v2\Result\Port3_h1(#0005).sct
E:\My Drive\Facultad\Materias Facultad\MEII\Proy ME2 2023\05-CST\Sonda_v2\Result\Port3_eInfo1(#0005).pmf
E:\My Drive\Facultad\Materias Facultad\MEII\Proy ME2 2023\05-CST\Sonda_v2\Result\Port3_hInfo1(#0005).pmf
E:\My Drive\Facultad\Materias Facultad\MEII\Proy ME2 2023\05-CST\Sonda_v2\Result\Port1_e1(#0005).sct
E:\My Drive\Facultad\Materias Facultad\MEII\Proy ME2 2023\05-CST\Sonda_v2\Result\Port1_h1(#0005).sct
E:\My Drive\Facultad\Materias Facultad\MEII\Proy ME2 2023\05-CST\Sonda_v2\Result\Port1_eInfo1(#0005).pmf
E:\My Drive\Facultad\Materias Facultad\MEII\Proy ME2 2023\05-CST\Sonda_v2\Result\Port1_hInfo1(#0005).pmf
E:\My Drive\Facultad\Materias Facultad\MEII\Proy ME2 2023\05-CST\Sonda_v2\Result\SolCoef(#0005)_1(1).scf
E:\My Drive\Facultad\Materias Facultad\MEII\Proy ME2 2023\05-CST\Sonda_v2\Result\Port3_e1(#0006).sct
E:\My Drive\Facultad\Materias Facultad\MEII\Proy ME2 2023\05-CST\Sonda_v2\Result\Port3_h1(#0006).sct
E:\My Drive\Facultad\Materias Facultad\MEII\Proy ME2 2023\05-CST\Sonda_v2\Result\Port3_eInfo1(#0006).pmf
E:\My Drive\Facultad\Materias Facultad\MEII\Proy ME2 2023\05-CST\Sonda_v2\Result\Port3_hInfo1(#0006).pmf
E:\My Drive\Facultad\Materias Facultad\MEII\Proy ME2 2023\05-CST\Sonda_v2\Result\Port1_e1(#0006).sct
E:\My Drive\Facultad\Materias Facultad\MEII\Proy ME2 2023\05-CST\Sonda_v2\Result\Port1_h1(#0006).sct
E:\My Drive\Facultad\Materias Facultad\MEII\Proy ME2 2023\05-CST\Sonda_v2\Result\Port1_eInfo1(#0006).pmf
E:\My Drive\Facultad\Materias Facultad\MEII\Proy ME2 2023\05-CST\Sonda_v2\Result\Port1_hInfo1(#0006).pmf
E:\My Drive\Facultad\Materias Facultad\MEII\Proy ME2 2023\05-CST\Sonda_v2\Result\SolCoef(#0006)_1(1).scf
E:\My Drive\Facultad\Materias Facultad\MEII\Proy ME2 2023\05-CST\Sonda_v2\Result\Port3_e1(#0007).sct
E:\My Drive\Facultad\Materias Facultad\MEII\Proy ME2 2023\05-CST\Sonda_v2\Result\Port3_h1(#0007).sct
E:\My Drive\Facultad\Materias Facultad\MEII\Proy ME2 2023\05-CST\Sonda_v2\Result\Port3_eInfo1(#0007).pmf
E:\My Drive\Facultad\Materias Facultad\MEII\Proy ME2 2023\05-CST\Sonda_v2\Result\Port3_hInfo1(#0007).pmf
E:\My Drive\Facultad\Materias Facultad\MEII\Proy ME2 2023\05-CST\Sonda_v2\Result\Port1_e1(#0007).sct
E:\My Drive\Facultad\Materias Facultad\MEII\Proy ME2 2023\05-CST\Sonda_v2\Result\Port1_h1(#0007).sct
E:\My Drive\Facultad\Materias Facultad\MEII\Proy ME2 2023\05-CST\Sonda_v2\Result\Port1_eInfo1(#0007).pmf
E:\My Drive\Facultad\Materias Facultad\MEII\Proy ME2 2023\05-CST\Sonda_v2\Result\Port1_hInfo1(#0007).pmf
E:\My Drive\Facultad\Materias Facultad\MEII\Proy ME2 2023\05-CST\Sonda_v2\Result\SolCoef(#0007)_1(1).scf
E:\My Drive\Facultad\Materias Facultad\MEII\Proy ME2 2023\05-CST\Sonda_v2\Result\Port3_e1(#0008).sct
E:\My Drive\Facultad\Materias Facultad\MEII\Proy ME2 2023\05-CST\Sonda_v2\Result\Port3_h1(#0008).sct
E:\My Drive\Facultad\Materias Facultad\MEII\Proy ME2 2023\05-CST\Sonda_v2\Result\Port3_eInfo1(#0008).pmf
E:\My Drive\Facultad\Materias Facultad\MEII\Proy ME2 2023\05-CST\Sonda_v2\Result\Port3_hInfo1(#0008).pmf
E:\My Drive\Facultad\Materias Facultad\MEII\Proy ME2 2023\05-CST\Sonda_v2\Result\Port1_e1(#0008).sct
E:\My Drive\Facultad\Materias Facultad\MEII\Proy ME2 2023\05-CST\Sonda_v2\Result\Port1_h1(#0008).sct
E:\My Drive\Facultad\Materias Facultad\MEII\Proy ME2 2023\05-CST\Sonda_v2\Result\Port1_eInfo1(#0008).pmf
E:\My Drive\Facultad\Materias Facultad\MEII\Proy ME2 2023\05-CST\Sonda_v2\Result\Port1_hInfo1(#0008).pmf
E:\My Drive\Facultad\Materias Facultad\MEII\Proy ME2 2023\05-CST\Sonda_v2\Result\SolCoef(#0008)_1(1).scf
E:\My Drive\Facultad\Materias Facultad\MEII\Proy ME2 2023\05-CST\Sonda_v2\Result\Port3_e1(#0009).sct
E:\My Drive\Facultad\Materias Facultad\MEII\Proy ME2 2023\05-CST\Sonda_v2\Result\Port3_h1(#0009).sct
E:\My Drive\Facultad\Materias Facultad\MEII\Proy ME2 2023\05-CST\Sonda_v2\Result\Port3_eInfo1(#0009).pmf
E:\My Drive\Facultad\Materias Facultad\MEII\Proy ME2 2023\05-CST\Sonda_v2\Result\Port3_hInfo1(#0009).pmf
E:\My Drive\Facultad\Materias Facultad\MEII\Proy ME2 2023\05-CST\Sonda_v2\Result\Port1_e1(#0009).sct
E:\My Drive\Facultad\Materias Facultad\MEII\Proy ME2 2023\05-CST\Sonda_v2\Result\Port1_h1(#0009).sct
E:\My Drive\Facultad\Materias Facultad\MEII\Proy ME2 2023\05-CST\Sonda_v2\Result\Port1_eInfo1(#0009).pmf
E:\My Drive\Facultad\Materias Facultad\MEII\Proy ME2 2023\05-CST\Sonda_v2\Result\Port1_hInfo1(#0009).pmf
E:\My Drive\Facultad\Materias Facultad\MEII\Proy ME2 2023\05-CST\Sonda_v2\Result\SolCoef(#0009)_1(1).scf
E:\My Drive\Facultad\Materias Facultad\MEII\Proy ME2 2023\05-CST\Sonda_v2\Result\Port3_e1(#0010).sct
E:\My Drive\Facultad\Materias Facultad\MEII\Proy ME2 2023\05-CST\Sonda_v2\Result\Port3_h1(#0010).sct
E:\My Drive\Facultad\Materias Facultad\MEII\Proy ME2 2023\05-CST\Sonda_v2\Result\Port3_eInfo1(#0010).pmf
E:\My Drive\Facultad\Materias Facultad\MEII\Proy ME2 2023\05-CST\Sonda_v2\Result\Port3_hInfo1(#0010).pmf
E:\My Drive\Facultad\Materias Facultad\MEII\Proy ME2 2023\05-CST\Sonda_v2\Result\Port1_e1(#0010).sct
E:\My Drive\Facultad\Materias Facultad\MEII\Proy ME2 2023\05-CST\Sonda_v2\Result\Port1_h1(#0010).sct
E:\My Drive\Facultad\Materias Facultad\MEII\Proy ME2 2023\05-CST\Sonda_v2\Result\Port1_eInfo1(#0010).pmf
E:\My Drive\Facultad\Materias Facultad\MEII\Proy ME2 2023\05-CST\Sonda_v2\Result\Port1_hInfo1(#0010).pmf
E:\My Drive\Facultad\Materias Facultad\MEII\Proy ME2 2023\05-CST\Sonda_v2\Result\SolCoef(#0010)_1(1).scf
E:\My Drive\Facultad\Materias Facultad\MEII\Proy ME2 2023\05-CST\Sonda_v2\Result\Port3_e1(#0011).sct
E:\My Drive\Facultad\Materias Facultad\MEII\Proy ME2 2023\05-CST\Sonda_v2\Result\Port3_h1(#0011).sct
E:\My Drive\Facultad\Materias Facultad\MEII\Proy ME2 2023\05-CST\Sonda_v2\Result\Port3_eInfo1(#0011).pmf
E:\My Drive\Facultad\Materias Facultad\MEII\Proy ME2 2023\05-CST\Sonda_v2\Result\Port3_hInfo1(#0011).pmf
E:\My Drive\Facultad\Materias Facultad\MEII\Proy ME2 2023\05-CST\Sonda_v2\Result\Port1_e1(#0011).sct
E:\My Drive\Facultad\Materias Facultad\MEII\Proy ME2 2023\05-CST\Sonda_v2\Result\Port1_h1(#0011).sct
E:\My Drive\Facultad\Materias Facultad\MEII\Proy ME2 2023\05-CST\Sonda_v2\Result\Port1_eInfo1(#0011).pmf
E:\My Drive\Facultad\Materias Facultad\MEII\Proy ME2 2023\05-CST\Sonda_v2\Result\Port1_hInfo1(#0011).pmf
E:\My Drive\Facultad\Materias Facultad\MEII\Proy ME2 2023\05-CST\Sonda_v2\Result\SolCoef(#0011)_1(1).scf
E:\My Drive\Facultad\Materias Facultad\MEII\Proy ME2 2023\05-CST\Sonda_v2\Result\Port3_e1(#0012).sct
E:\My Drive\Facultad\Materias Facultad\MEII\Proy ME2 2023\05-CST\Sonda_v2\Result\Port3_h1(#0012).sct
E:\My Drive\Facultad\Materias Facultad\MEII\Proy ME2 2023\05-CST\Sonda_v2\Result\Port3_eInfo1(#0012).pmf
E:\My Drive\Facultad\Materias Facultad\MEII\Proy ME2 2023\05-CST\Sonda_v2\Result\Port3_hInfo1(#0012).pmf
E:\My Drive\Facultad\Materias Facultad\MEII\Proy ME2 2023\05-CST\Sonda_v2\Result\Port1_e1(#0012).sct
E:\My Drive\Facultad\Materias Facultad\MEII\Proy ME2 2023\05-CST\Sonda_v2\Result\Port1_h1(#0012).sct
E:\My Drive\Facultad\Materias Facultad\MEII\Proy ME2 2023\05-CST\Sonda_v2\Result\Port1_eInfo1(#0012).pmf
E:\My Drive\Facultad\Materias Facultad\MEII\Proy ME2 2023\05-CST\Sonda_v2\Result\Port1_hInfo1(#0012).pmf
E:\My Drive\Facultad\Materias Facultad\MEII\Proy ME2 2023\05-CST\Sonda_v2\Result\SolCoef(#0012)_1(1).scf
E:\My Drive\Facultad\Materias Facultad\MEII\Proy ME2 2023\05-CST\Sonda_v2\Result\Port3_e1(#0013).sct
E:\My Drive\Facultad\Materias Facultad\MEII\Proy ME2 2023\05-CST\Sonda_v2\Result\Port3_h1(#0013).sct
E:\My Drive\Facultad\Materias Facultad\MEII\Proy ME2 2023\05-CST\Sonda_v2\Result\Port3_eInfo1(#0013).pmf
E:\My Drive\Facultad\Materias Facultad\MEII\Proy ME2 2023\05-CST\Sonda_v2\Result\Port3_hInfo1(#0013).pmf
E:\My Drive\Facultad\Materias Facultad\MEII\Proy ME2 2023\05-CST\Sonda_v2\Result\Port1_e1(#0013).sct
E:\My Drive\Facultad\Materias Facultad\MEII\Proy ME2 2023\05-CST\Sonda_v2\Result\Port1_h1(#0013).sct
E:\My Drive\Facultad\Materias Facultad\MEII\Proy ME2 2023\05-CST\Sonda_v2\Result\Port1_eInfo1(#0013).pmf
E:\My Drive\Facultad\Materias Facultad\MEII\Proy ME2 2023\05-CST\Sonda_v2\Result\Port1_hInfo1(#0013).pmf
E:\My Drive\Facultad\Materias Facultad\MEII\Proy ME2 2023\05-CST\Sonda_v2\Result\SolCoef(#0013)_1(1).scf
E:\My Drive\Facultad\Materias Facultad\MEII\Proy ME2 2023\05-CST\Sonda_v2\Result\Port3_e1(#0014).sct
E:\My Drive\Facultad\Materias Facultad\MEII\Proy ME2 2023\05-CST\Sonda_v2\Result\Port3_h1(#0014).sct
E:\My Drive\Facultad\Materias Facultad\MEII\Proy ME2 2023\05-CST\Sonda_v2\Result\Port3_eInfo1(#0014).pmf
E:\My Drive\Facultad\Materias Facultad\MEII\Proy ME2 2023\05-CST\Sonda_v2\Result\Port3_hInfo1(#0014).pmf
E:\My Drive\Facultad\Materias Facultad\MEII\Proy ME2 2023\05-CST\Sonda_v2\Result\Port1_e1(#0014).sct
E:\My Drive\Facultad\Materias Facultad\MEII\Proy ME2 2023\05-CST\Sonda_v2\Result\Port1_h1(#0014).sct
E:\My Drive\Facultad\Materias Facultad\MEII\Proy ME2 2023\05-CST\Sonda_v2\Result\Port1_eInfo1(#0014).pmf
E:\My Drive\Facultad\Materias Facultad\MEII\Proy ME2 2023\05-CST\Sonda_v2\Result\Port1_hInfo1(#0014).pmf
E:\My Drive\Facultad\Materias Facultad\MEII\Proy ME2 2023\05-CST\Sonda_v2\Result\SolCoef(#0014)_1(1).scf
E:\My Drive\Facultad\Materias Facultad\MEII\Proy ME2 2023\05-CST\Sonda_v2\Result\Port3_e1(#0015).sct
E:\My Drive\Facultad\Materias Facultad\MEII\Proy ME2 2023\05-CST\Sonda_v2\Result\Port3_h1(#0015).sct
E:\My Drive\Facultad\Materias Facultad\MEII\Proy ME2 2023\05-CST\Sonda_v2\Result\Port3_eInfo1(#0015).pmf
E:\My Drive\Facultad\Materias Facultad\MEII\Proy ME2 2023\05-CST\Sonda_v2\Result\Port3_hInfo1(#0015).pmf
E:\My Drive\Facultad\Materias Facultad\MEII\Proy ME2 2023\05-CST\Sonda_v2\Result\Port1_e1(#0015).sct
E:\My Drive\Facultad\Materias Facultad\MEII\Proy ME2 2023\05-CST\Sonda_v2\Result\Port1_h1(#0015).sct
E:\My Drive\Facultad\Materias Facultad\MEII\Proy ME2 2023\05-CST\Sonda_v2\Result\Port1_eInfo1(#0015).pmf
E:\My Drive\Facultad\Materias Facultad\MEII\Proy ME2 2023\05-CST\Sonda_v2\Result\Port1_hInfo1(#0015).pmf
E:\My Drive\Facultad\Materias Facultad\MEII\Proy ME2 2023\05-CST\Sonda_v2\Result\SolCoef(#0015)_1(1).scf
E:\My Drive\Facultad\Materias Facultad\MEII\Proy ME2 2023\05-CST\Sonda_v2\Result\Port3_e1(#0016).sct
E:\My Drive\Facultad\Materias Facultad\MEII\Proy ME2 2023\05-CST\Sonda_v2\Result\Port3_h1(#0016).sct
E:\My Drive\Facultad\Materias Facultad\MEII\Proy ME2 2023\05-CST\Sonda_v2\Result\Port3_eInfo1(#0016).pmf
E:\My Drive\Facultad\Materias Facultad\MEII\Proy ME2 2023\05-CST\Sonda_v2\Result\Port3_hInfo1(#0016).pmf
E:\My Drive\Facultad\Materias Facultad\MEII\Proy ME2 2023\05-CST\Sonda_v2\Result\Port1_e1(#0016).sct
E:\My Drive\Facultad\Materias Facultad\MEII\Proy ME2 2023\05-CST\Sonda_v2\Result\Port1_h1(#0016).sct
E:\My Drive\Facultad\Materias Facultad\MEII\Proy ME2 2023\05-CST\Sonda_v2\Result\Port1_eInfo1(#0016).pmf
E:\My Drive\Facultad\Materias Facultad\MEII\Proy ME2 2023\05-CST\Sonda_v2\Result\Port1_hInfo1(#0016).pmf
E:\My Drive\Facultad\Materias Facultad\MEII\Proy ME2 2023\05-CST\Sonda_v2\Result\SolCoef(#0016)_1(1).scf
E:\My Drive\Facultad\Materias Facultad\MEII\Proy ME2 2023\05-CST\Sonda_v2\Result\Port3_e1(#0017).sct
E:\My Drive\Facultad\Materias Facultad\MEII\Proy ME2 2023\05-CST\Sonda_v2\Result\Port3_h1(#0017).sct
E:\My Drive\Facultad\Materias Facultad\MEII\Proy ME2 2023\05-CST\Sonda_v2\Result\Port3_eInfo1(#0017).pmf
E:\My Drive\Facultad\Materias Facultad\MEII\Proy ME2 2023\05-CST\Sonda_v2\Result\Port3_hInfo1(#0017).pmf
E:\My Drive\Facultad\Materias Facultad\MEII\Proy ME2 2023\05-CST\Sonda_v2\Result\Port1_e1(#0017).sct
E:\My Drive\Facultad\Materias Facultad\MEII\Proy ME2 2023\05-CST\Sonda_v2\Result\Port1_h1(#0017).sct
E:\My Drive\Facultad\Materias Facultad\MEII\Proy ME2 2023\05-CST\Sonda_v2\Result\Port1_eInfo1(#0017).pmf
E:\My Drive\Facultad\Materias Facultad\MEII\Proy ME2 2023\05-CST\Sonda_v2\Result\Port1_hInfo1(#0017).pmf
E:\My Drive\Facultad\Materias Facultad\MEII\Proy ME2 2023\05-CST\Sonda_v2\Result\SolCoef(#0017)_1(1).scf
E:\My Drive\Facultad\Materias Facultad\MEII\Proy ME2 2023\05-CST\Sonda_v2\Result\Port3_e1(#0018).sct
E:\My Drive\Facultad\Materias Facultad\MEII\Proy ME2 2023\05-CST\Sonda_v2\Result\Port3_h1(#0018).sct
E:\My Drive\Facultad\Materias Facultad\MEII\Proy ME2 2023\05-CST\Sonda_v2\Result\Port3_eInfo1(#0018).pmf
E:\My Drive\Facultad\Materias Facultad\MEII\Proy ME2 2023\05-CST\Sonda_v2\Result\Port3_hInfo1(#0018).pmf
E:\My Drive\Facultad\Materias Facultad\MEII\Proy ME2 2023\05-CST\Sonda_v2\Result\Port1_e1(#0018).sct
E:\My Drive\Facultad\Materias Facultad\MEII\Proy ME2 2023\05-CST\Sonda_v2\Result\Port1_h1(#0018).sct
E:\My Drive\Facultad\Materias Facultad\MEII\Proy ME2 2023\05-CST\Sonda_v2\Result\Port1_eInfo1(#0018).pmf
E:\My Drive\Facultad\Materias Facultad\MEII\Proy ME2 2023\05-CST\Sonda_v2\Result\Port1_hInfo1(#0018).pmf
E:\My Drive\Facultad\Materias Facultad\MEII\Proy ME2 2023\05-CST\Sonda_v2\Result\SolCoef(#0018)_1(1).scf
E:\My Drive\Facultad\Materias Facultad\MEII\Proy ME2 2023\05-CST\Sonda_v2\Result\Port3_e1(#0019).sct
E:\My Drive\Facultad\Materias Facultad\MEII\Proy ME2 2023\05-CST\Sonda_v2\Result\Port3_h1(#0019).sct
E:\My Drive\Facultad\Materias Facultad\MEII\Proy ME2 2023\05-CST\Sonda_v2\Result\Port3_eInfo1(#0019).pmf
E:\My Drive\Facultad\Materias Facultad\MEII\Proy ME2 2023\05-CST\Sonda_v2\Result\Port3_hInfo1(#0019).pmf
E:\My Drive\Facultad\Materias Facultad\MEII\Proy ME2 2023\05-CST\Sonda_v2\Result\Port1_e1(#0019).sct
E:\My Drive\Facultad\Materias Facultad\MEII\Proy ME2 2023\05-CST\Sonda_v2\Result\Port1_h1(#0019).sct
E:\My Drive\Facultad\Materias Facultad\MEII\Proy ME2 2023\05-CST\Sonda_v2\Result\Port1_eInfo1(#0019).pmf
E:\My Drive\Facultad\Materias Facultad\MEII\Proy ME2 2023\05-CST\Sonda_v2\Result\Port1_hInfo1(#0019).pmf
E:\My Drive\Facultad\Materias Facultad\MEII\Proy ME2 2023\05-CST\Sonda_v2\Result\SolCoef(#0019)_1(1).scf
E:\My Drive\Facultad\Materias Facultad\MEII\Proy ME2 2023\05-CST\Sonda_v2\Result\Port3_e1(#0020).sct
E:\My Drive\Facultad\Materias Facultad\MEII\Proy ME2 2023\05-CST\Sonda_v2\Result\Port3_h1(#0020).sct
E:\My Drive\Facultad\Materias Facultad\MEII\Proy ME2 2023\05-CST\Sonda_v2\Result\Port3_eInfo1(#0020).pmf
E:\My Drive\Facultad\Materias Facultad\MEII\Proy ME2 2023\05-CST\Sonda_v2\Result\Port3_hInfo1(#0020).pmf
E:\My Drive\Facultad\Materias Facultad\MEII\Proy ME2 2023\05-CST\Sonda_v2\Result\Port1_e1(#0020).sct
E:\My Drive\Facultad\Materias Facultad\MEII\Proy ME2 2023\05-CST\Sonda_v2\Result\Port1_h1(#0020).sct
E:\My Drive\Facultad\Materias Facultad\MEII\Proy ME2 2023\05-CST\Sonda_v2\Result\Port1_eInfo1(#0020).pmf
E:\My Drive\Facultad\Materias Facultad\MEII\Proy ME2 2023\05-CST\Sonda_v2\Result\Port1_hInfo1(#0020).pmf
E:\My Drive\Facultad\Materias Facultad\MEII\Proy ME2 2023\05-CST\Sonda_v2\Result\SolCoef(#0020)_1(1).scf
E:\My Drive\Facultad\Materias Facultad\MEII\Proy ME2 2023\05-CST\Sonda_v2\Result\Port3_e1(#0021).sct
E:\My Drive\Facultad\Materias Facultad\MEII\Proy ME2 2023\05-CST\Sonda_v2\Result\Port3_h1(#0021).sct
E:\My Drive\Facultad\Materias Facultad\MEII\Proy ME2 2023\05-CST\Sonda_v2\Result\Port3_eInfo1(#0021).pmf
E:\My Drive\Facultad\Materias Facultad\MEII\Proy ME2 2023\05-CST\Sonda_v2\Result\Port3_hInfo1(#0021).pmf
E:\My Drive\Facultad\Materias Facultad\MEII\Proy ME2 2023\05-CST\Sonda_v2\Result\Port1_e1(#0021).sct
E:\My Drive\Facultad\Materias Facultad\MEII\Proy ME2 2023\05-CST\Sonda_v2\Result\Port1_h1(#0021).sct
E:\My Drive\Facultad\Materias Facultad\MEII\Proy ME2 2023\05-CST\Sonda_v2\Result\Port1_eInfo1(#0021).pmf
E:\My Drive\Facultad\Materias Facultad\MEII\Proy ME2 2023\05-CST\Sonda_v2\Result\Port1_hInfo1(#0021).pmf
E:\My Drive\Facultad\Materias Facultad\MEII\Proy ME2 2023\05-CST\Sonda_v2\Result\SolCoef(#0021)_1(1).scf
E:\My Drive\Facultad\Materias Facultad\MEII\Proy ME2 2023\05-CST\Sonda_v2\Result\IBOFlow\desktop.ini
Mesh:
E:\My Drive\Facultad\Materias Facultad\MEII\Proy ME2 2023\05-CST\Sonda_v2\Result\Mesh_Input.Entities2Mesh.tet
E:\My Drive\Facultad\Materias Facultad\MEII\Proy ME2 2023\05-CST\Sonda_v2\Result\Mesh_Input.QuasiModel.tet
E:\My Drive\Facultad\Materias Facultad\MEII\Proy ME2 2023\05-CST\Sonda_v2\Result\Mesh_Input.Options.tet
E:\My Drive\Facultad\Materias Facultad\MEII\Proy ME2 2023\05-CST\Sonda_v2\Result\log.tet
E:\My Drive\Facultad\Materias Facultad\MEII\Proy ME2 2023\05-CST\Sonda_v2\Result\sat.tet
E:\My Drive\Facultad\Materias Facultad\MEII\Proy ME2 2023\05-CST\Sonda_v2\Result\3d.slim
E:\My Drive\Facultad\Materias Facultad\MEII\Proy ME2 2023\05-CST\Sonda_v2\Result\objectid.tet
E:\My Drive\Facultad\Materias Facultad\MEII\Proy ME2 2023\05-CST\Sonda_v2\Result\bc3d.tet
E:\My Drive\Facultad\Materias Facultad\MEII\Proy ME2 2023\05-CST\Sonda_v2\Result\meshrelated.info
E:\My Drive\Facultad\Materias Facultad\MEII\Proy ME2 2023\05-CST\Sonda_v2\Result\topot.tet
E:\My Drive\Facultad\Materias Facultad\MEII\Proy ME2 2023\05-CST\Sonda_v2\Result\moegeom.tet
E:\My Drive\Facultad\Materias Facultad\MEII\Proy ME2 2023\05-CST\Sonda_v2\Result\Mesh_Output.U2F.tet
E:\My Drive\Facultad\Materias Facultad\MEII\Proy ME2 2023\05-CST\Sonda_v2\Result\bad0.tet
E:\My Drive\Facultad\Materias Facultad\MEII\Proy ME2 2023\05-CST\Sonda_v2\Result\Mesh_Output.QuasiModel.tet
E:\My Drive\Facultad\Materias Facultad\MEII\Proy ME2 2023\05-CST\Sonda_v2\Result\mir.tet
E:\My Drive\Facultad\Materias Facultad\MEII\Proy ME2 2023\05-CST\Sonda_v2\Result\3do.slim
E:\My Drive\Facultad\Materias Facultad\MEII\Proy ME2 2023\05-CST\Sonda_v2\Result\reftags.tet
E:\My Drive\Facultad\Materias Facultad\MEII\Proy ME2 2023\05-CST\Sonda_v2\Result\refinementparents.tet
E:\My Drive\Facultad\Materias Facultad\MEII\Proy ME2 2023\05-CST\Sonda_v2\Result\tetquality.tet
E:\My Drive\Facultad\Materias Facultad\MEII\Proy ME2 2023\05-CST\Sonda_v2\Result\Port2.slim
E:\My Drive\Facultad\Materias Facultad\MEII\Proy ME2 2023\05-CST\Sonda_v2\Result\Port3.slim
E:\My Drive\Facultad\Materias Facultad\MEII\Proy ME2 2023\05-CST\Sonda_v2\Result\Port1.slim
Port:
E:\My Drive\Facultad\Materias Facultad\MEII\Proy ME2 2023\05-CST\Sonda_v2\Result\Model.pmi
