matrixcalc_AMD64 @ TINCHO-HOME:  ----------
                                 Infos #: 0
                                 ----------

matrixcalc_AMD64 @ TINCHO-HOME:  -------------
                                 WARNINGS #: 0
                                 -------------

matrixcalc_AMD64 @ TINCHO-HOME:  -----------
                                 ERRORS #: 0
                                 -----------

matrixcalc_AMD64 @ TINCHO-HOME:  ----------
                                 Infos #: 0
                                 ----------

matrixcalc_AMD64 @ TINCHO-HOME:  -------------
                                 WARNINGS #: 0
                                 -------------

matrixcalc_AMD64 @ TINCHO-HOME:  -----------
                                 ERRORS #: 0
                                 -----------

matrixcalc_AMD64 @ TINCHO-HOME:  ----------
                                 Infos #: 0
                                 ----------

matrixcalc_AMD64 @ TINCHO-HOME:  -------------
                                 WARNINGS #: 0
                                 -------------

matrixcalc_AMD64 @ TINCHO-HOME:  -----------
                                 ERRORS #: 0
                                 -----------

matrixcalc_AMD64 @ TINCHO-HOME:  ----------
                                 Infos #: 0
                                 ----------

matrixcalc_AMD64 @ TINCHO-HOME:  -------------
                                 WARNINGS #: 0
                                 -------------

matrixcalc_AMD64 @ TINCHO-HOME:  -----------
                                 ERRORS #: 0
                                 -----------

