matrixcalc_AMD64 @ TINCHO-HOME: 1xN002:  Error while running matrix calculator: ExH:  n/a, Msg:  n/a, Hint:  n/a


matrixcalc_AMD64 @ TINCHO-HOME: 1xN004:  Error while running matrix calculator: ExH:  n/a, Msg:  n/a, Hint:  n/a


matrixcalc_AMD64 @ TINCHO-HOME: 1xN005:  xxxxxxxxxxxxxxxxxxxxxxxxxxxxxxxxxxxxxxxxxxxxxxxxxxxxxxxxxxxxxxxxxxxxxxxxxxxxxxxxxxxxxxxxxxxxxxxxxxxxxxxxxxxxxxxxxxxxxxxx
                                         Port 1 is inhomogeneously filled within the first 3 mesh cells. Cannot start solver. <a href="2127;2357.htm">More...</a>
                                         xxxxxxxxxxxxxxxxxxxxxxxxxxxxxxxxxxxxxxxxxxxxxxxxxxxxxxxxxxxxxxxxxxxxxxxxxxxxxxxxxxxxxxxxxxxxxxxxxxxxxxxxxxxxxxxxxxxxxxxx

matrixcalc_AMD64 @ TINCHO-HOME: 1xN005:  Error while running matrix calculator: ExH: CST exception, Msg: Error while running port homogenizer., Hint:  n/a
matrixcalc_AMD64 @ TINCHO-HOME: 1xN005:  xxxxxxxxxxxxxxxxxxxxxxxxxxxxxxxxxxxxx
                                         Error while running port homogenizer.
                                         xxxxxxxxxxxxxxxxxxxxxxxxxxxxxxxxxxxxx

matrixcalc_AMD64 @ TINCHO-HOME: 1xN005:  xxxxxxxxxxxxxxxxxxxxxxxxxxxxxxxxxx
                                         Error in calculating solver matrix
                                         xxxxxxxxxxxxxxxxxxxxxxxxxxxxxxxxxx



matrixcalc_AMD64 @ TINCHO-HOME: 1xN007:  Error while running matrix calculator: ExH:  n/a, Msg:  n/a, Hint:  n/a


matrixcalc_AMD64 @ TINCHO-HOME: 1xN009:  Error while running matrix calculator: ExH:  n/a, Msg:  n/a, Hint:  n/a


matrixcalc_AMD64 @ TINCHO-HOME: 1xN010:  Error while running matrix calculator: ExH:  n/a, Msg:  n/a, Hint:  n/a


matrixcalc_AMD64 @ TINCHO-HOME: 1xN012:  Error while running matrix calculator: ExH:  n/a, Msg:  n/a, Hint:  n/a


matrixcalc_AMD64 @ TINCHO-HOME: 1xN015:  Error while running matrix calculator: ExH:  n/a, Msg:  n/a, Hint:  n/a


matrixcalc_AMD64 @ TINCHO-HOME: 1xN031:  Error while running matrix calculator: ExH:  n/a, Msg:  n/a, Hint:  n/a


ParaControl_AMD64 @ TINCHO-HOME:  xxxxxxxxxxxxxxxxxxxxxxxxx
                                  1xN parallelization error
                                  xxxxxxxxxxxxxxxxxxxxxxxxx

ParaControl_AMD64 @ TINCHO-HOME:  xxxxxxxxxxxxxxxx
                                  Work item failed
                                  xxxxxxxxxxxxxxxx

ParaControl_AMD64 @ TINCHO-HOME:  xxxxxxxxxxxxxxxxxxxxxxxxxxx
                                  1xN parallelization error: 
                                  xxxxxxxxxxxxxxxxxxxxxxxxxxx

ParaControl_AMD64 @ TINCHO-HOME:  xxxxxxxxxxxxxxxxxxxxxxxxxxxxxxxxxx
                                  Error in calculating solver matrix
                                  xxxxxxxxxxxxxxxxxxxxxxxxxxxxxxxxxx

